{"G:\\Users\\armin\\Documents\\GitHub\\react-multiple-select-dropdown\\src\\tests\\MultipleSelect.tsx": {"path":"G:\\Users\\armin\\Documents\\GitHub\\react-multiple-select-dropdown\\src\\tests\\MultipleSelect.tsx","statementMap":{"0":{"start":{"line":1,"column":0},"end":{"line":1,"column":31}},"1":{"start":{"line":2,"column":0},"end":{"line":2,"column":39}},"2":{"start":{"line":3,"column":0},"end":{"line":3,"column":43}},"3":{"start":{"line":3,"column":18},"end":{"line":3,"column":23}},"4":{"start":{"line":3,"column":0},"end":{"line":3,"column":18}},"5":{"start":{"line":4,"column":2},"end":{"line":13,"column":4}},"6":{"start":{"line":15,"column":2},"end":{"line":17,"column":null}},"7":{"start":{"line":16,"column":4},"end":{"line":16,"column":52}},"8":{"start":{"line":19,"column":2},"end":{"line":30,"column":null}},"9":{"start":{"line":20,"column":10},"end":{"line":20,"column":12}},"10":{"start":{"line":20,"column":12},"end":{"line":20,"column":25}},"11":{"start":{"line":20,"column":27},"end":{"line":20,"column":57}},"12":{"start":{"line":21,"column":4},"end":{"line":29,"column":6}},"13":{"start":{"line":31,"column":0},"end":{"line":31,"column":null}},"14":{"start":{"line":33,"column":0},"end":{"line":33,"column":19}}},"fnMap":{"0":{"name":"(anonymous_6)","decl":{"start":{"line":3,"column":0},"end":{"line":3,"column":18}},"loc":{"start":{"line":3,"column":0},"end":{"line":31,"column":null}}},"1":{"name":"(anonymous_8)","decl":{"start":{"line":15,"column":13},"end":{"line":15,"column":14}},"loc":{"start":{"line":15,"column":32},"end":{"line":17,"column":3}}},"2":{"name":"(anonymous_9)","decl":{"start":{"line":19,"column":2},"end":{"line":19,"column":8}},"loc":{"start":{"line":19,"column":2},"end":{"line":30,"column":3}}}},"branchMap":{"0":{"loc":{"start":{"line":3,"column":0},"end":{"line":3,"column":18}},"type":"binary-expr","locations":[{"start":{"line":3,"column":0},"end":{"line":3,"column":18}},{"start":{"line":3,"column":0},"end":{"line":3,"column":18}},{"start":{"line":3,"column":0},"end":{"line":3,"column":18}}]}},"s":{"0":1,"1":1,"2":1,"3":1,"4":1,"5":1,"6":1,"7":0,"8":1,"9":1,"10":1,"11":1,"12":1,"13":1,"14":1},"f":{"0":2,"1":0,"2":1},"b":{"0":[1,1,1]}}
}
